<?xml version="1.0" encoding="UTF-8"?>
<!-- Generated by org.testng.reporters.JUnitXMLReporter -->
<testsuite hostname="praveenkumar" ignored="0" name="Surefire test" tests="3" failures="0" timestamp="2019-11-23T10:13:53 IST" time="0.109" errors="0">
  <testcase name="bottletest" time="0.015" classname="seenu11.demoTest"/>
  <testcase name="chargertest" time="0.001" classname="seenu11.demoTest"/>
  <testcase name="remotetest" time="0.001" classname="seenu11.demoTest"/>
</testsuite> <!-- Surefire test -->
