<?xml version="1.0" encoding="UTF-8"?>
<!-- Generated by org.testng.reporters.JUnitXMLReporter -->
<testsuite hostname="praveenkumar" ignored="0" name="Default test" tests="3" failures="0" timestamp="2019-11-23T10:09:23 IST" time="0.325" errors="0">
  <testcase name="bottletest" time="0.064" classname="seenu11.demoTest"/>
  <testcase name="chargertest" time="0.025" classname="seenu11.demoTest"/>
  <testcase name="remotetest" time="0.01" classname="seenu11.demoTest"/>
</testsuite> <!-- Default test -->
