<?xml version="1.0" encoding="UTF-8"?>
<testng-results skipped="0" failed="0" ignored="0" total="3" passed="3">
  <reporter-output>
  </reporter-output>
  <suite name="Surefire suite" duration-ms="109" started-at="2019-11-23T10:13:53 IST" finished-at="2019-11-23T10:13:53 IST">
    <groups>
    </groups>
    <test name="Surefire test" duration-ms="109" started-at="2019-11-23T10:13:53 IST" finished-at="2019-11-23T10:13:53 IST">
      <class name="seenu11.demoTest">
        <test-method status="PASS" signature="bottletest()[pri:0, instance:seenu11.demoTest@7dc7cbad]" name="bottletest" duration-ms="15" started-at="2019-11-23T10:13:53 IST" finished-at="2019-11-23T10:13:53 IST">
          <reporter-output>
          </reporter-output>
        </test-method> <!-- bottletest -->
        <test-method status="PASS" signature="chargertest()[pri:0, instance:seenu11.demoTest@7dc7cbad]" name="chargertest" duration-ms="1" started-at="2019-11-23T10:13:53 IST" finished-at="2019-11-23T10:13:53 IST">
          <reporter-output>
          </reporter-output>
        </test-method> <!-- chargertest -->
        <test-method status="PASS" signature="remotetest()[pri:0, instance:seenu11.demoTest@7dc7cbad]" name="remotetest" duration-ms="1" started-at="2019-11-23T10:13:53 IST" finished-at="2019-11-23T10:13:53 IST">
          <reporter-output>
          </reporter-output>
        </test-method> <!-- remotetest -->
      </class> <!-- seenu11.demoTest -->
    </test> <!-- Surefire test -->
  </suite> <!-- Surefire suite -->
</testng-results>
